<?xml version="1.0" encoding="UTF-8"?>
<!-- Generated by org.testng.reporters.JUnitReportReporter -->
<testsuite skipped="0" hostname="LAPTOP-DQHA8VEA" name="Automation.LandingPageValidation" tests="1" failures="0" timestamp="2022-06-09T19:39:41 IST" time="0.078" errors="0">
  <testcase name="validateLandingPage" time="0.078" classname="Automation.LandingPageValidation"/>
  <system-out/>
</testsuite> <!-- Automation.LandingPageValidation -->
