<?xml version="1.0" encoding="UTF-8"?>
<!-- Generated by org.testng.reporters.JUnitReportReporter -->
<testsuite skipped="0" hostname="LAPTOP-DQHA8VEA" name="Automation.LandingPageValidation" tests="1" failures="0" timestamp="2022-01-26T15:43:36 IST" time="0.098" errors="0">
  <testcase name="validateLandingPage" time="0.098" classname="Automation.LandingPageValidation"/>
  <system-out/>
</testsuite> <!-- Automation.LandingPageValidation -->
